2026-02-22 22:07:44 | INFO | Logging dir: runs/sac_continuous_cpu_c4ef82
2026-02-22 22:08:10 | INFO | Episode 10/200 | reward_return -0.2281 | return_rate -47.58% | q1_loss 0.0043 | q2_loss 0.0044 | actor_loss -1.0997 | alpha 0.0874
2026-02-22 22:08:45 | INFO | Episode 20/200 | reward_return 0.3244 | return_rate 480.87% | q1_loss 0.0060 | q2_loss 0.0061 | actor_loss -1.3404 | alpha 0.0284
2026-02-22 22:09:23 | INFO | Episode 30/200 | reward_return -0.0442 | return_rate 33.21% | q1_loss 0.0044 | q2_loss 0.0045 | actor_loss -1.1036 | alpha 0.0094
2026-02-22 22:09:57 | INFO | Episode 40/200 | reward_return 0.5090 | return_rate 20.45% | q1_loss 0.0037 | q2_loss 0.0037 | actor_loss -0.8753 | alpha 0.0033
2026-02-22 22:10:30 | INFO | Episode 50/200 | reward_return 0.0664 | return_rate 1.60% | q1_loss 0.0030 | q2_loss 0.0031 | actor_loss -0.6640 | alpha 0.0013
2026-02-22 22:11:06 | INFO | Episode 60/200 | reward_return 0.3800 | return_rate -25.72% | q1_loss 0.0027 | q2_loss 0.0027 | actor_loss -0.5028 | alpha 0.0006
2026-02-22 22:11:40 | INFO | Episode 70/200 | reward_return 0.2330 | return_rate 154.04% | q1_loss 0.0024 | q2_loss 0.0024 | actor_loss -0.3633 | alpha 0.0004
2026-02-22 22:12:12 | INFO | Episode 80/200 | reward_return 0.1540 | return_rate 17.54% | q1_loss 0.0023 | q2_loss 0.0023 | actor_loss -0.2517 | alpha 0.0004
2026-02-22 22:12:44 | INFO | Episode 90/200 | reward_return 0.1630 | return_rate 120.49% | q1_loss 0.0022 | q2_loss 0.0021 | actor_loss -0.1570 | alpha 0.0004
2026-02-22 22:13:17 | INFO | Episode 100/200 | reward_return 0.6169 | return_rate -10.43% | q1_loss 0.0021 | q2_loss 0.0021 | actor_loss -0.0917 | alpha 0.0005
2026-02-22 22:13:51 | INFO | Episode 110/200 | reward_return -0.4030 | return_rate 81.62% | q1_loss 0.0022 | q2_loss 0.0021 | actor_loss -0.0317 | alpha 0.0005
2026-02-22 22:14:26 | INFO | Episode 120/200 | reward_return -0.3720 | return_rate 54.86% | q1_loss 0.0021 | q2_loss 0.0021 | actor_loss 0.0267 | alpha 0.0005
2026-02-22 22:14:56 | INFO | Episode 130/200 | reward_return -0.2410 | return_rate 260.81% | q1_loss 0.0021 | q2_loss 0.0021 | actor_loss 0.0635 | alpha 0.0005
2026-02-22 22:15:29 | INFO | Episode 140/200 | reward_return -0.0277 | return_rate 30.53% | q1_loss 0.0021 | q2_loss 0.0021 | actor_loss 0.0919 | alpha 0.0005
2026-02-22 22:16:03 | INFO | Episode 150/200 | reward_return 0.0422 | return_rate 100.81% | q1_loss 0.0021 | q2_loss 0.0021 | actor_loss 0.1253 | alpha 0.0006
2026-02-22 22:16:41 | INFO | Episode 160/200 | reward_return 0.0718 | return_rate -39.61% | q1_loss 0.0021 | q2_loss 0.0021 | actor_loss 0.1508 | alpha 0.0006
2026-02-22 22:17:19 | INFO | Episode 170/200 | reward_return 0.1157 | return_rate 37.59% | q1_loss 0.0022 | q2_loss 0.0022 | actor_loss 0.1751 | alpha 0.0006
2026-02-22 22:17:54 | INFO | Episode 180/200 | reward_return 0.5276 | return_rate 12.42% | q1_loss 0.0022 | q2_loss 0.0022 | actor_loss 0.1952 | alpha 0.0006
2026-02-22 22:18:31 | INFO | Episode 190/200 | reward_return -0.1280 | return_rate 99.38% | q1_loss 0.0022 | q2_loss 0.0022 | actor_loss 0.2132 | alpha 0.0006
2026-02-22 22:19:06 | INFO | Episode 200/200 | reward_return 0.0752 | return_rate 85.52% | q1_loss 0.0023 | q2_loss 0.0023 | actor_loss 0.2387 | alpha 0.0007
2026-02-22 22:19:06 | INFO | Run artifacts saved to runs/sac_continuous_cpu_c4ef82
2026-02-22 22:19:26 | INFO | Eval complete | mean_reward_return -0.0070 | mean_return_rate 61.82% | sharpe_ratio 0.6955 | win_rate 0.50
2026-02-22 22:19:26 | INFO | Evaluation summary saved to runs/sac_continuous_cpu_c4ef82/eval_summary.json
